<?xml version="1.0" encoding="UTF-8"?>
<!-- Generated by org.testng.reporters.JUnitXMLReporter -->
<testsuite ignored="0" hostname="Alexanders-MacBook-Pro.local" failures="0" tests="3" name="Default test" time="0.05" errors="0" timestamp="2021-07-20T12:43:18 EDT">
  <testcase classname="com.selenium.testng.CarLoan" name="APILogin" time="0.009"/>
  <testcase classname="com.selenium.testng.CarLoan" name="MobileLogin" time="0.001"/>
  <testcase classname="com.selenium.testng.CarLoan" name="WebLogin" time="0.001"/>
</testsuite> <!-- Default test -->
