<?xml version="1.0" encoding="UTF-8"?>
<!-- Generated by org.testng.reporters.JUnitXMLReporter -->
<testsuite ignored="1" hostname="Alexanders-MacBook-Pro.local" failures="0" tests="4" name="Personal Loan" time="0.055" errors="0" timestamp="2021-07-20T12:54:36 EDT">
  <testcase classname="com.selenium.testng.PersonalLoan" name="MobileSignOut" time="0.003"/>
  <testcase classname="com.selenium.testng.PersonalLoan" name="MobileSignin" time="0.001"/>
  <testcase classname="com.selenium.testng.PersonalLoan" name="MobileLogin" time="0.003"/>
  <testcase classname="com.selenium.testng.PersonalLoan" name="APILogin" time="0.02"/>
  <testcase classname="com.selenium.testng.PersonalLoan" name="WebLogin" time="0.0">
    <ignored/>
  </testcase> <!-- WebLogin -->
</testsuite> <!-- Personal Loan -->
