<?xml version="1.0" encoding="UTF-8"?>
<!-- Generated by org.testng.reporters.JUnitXMLReporter -->
<testsuite ignored="6" hostname="Alexanders-MacBook-Pro.local" failures="0" tests="3" name="Regression" time="0.076" errors="0" timestamp="2021-07-20T12:52:56 EDT">
  <testcase classname="com.selenium.testng.FirstTest" name="printDemo" time="0.017"/>
  <testcase classname="com.selenium.testng.CarLoan" name="MobileLogin" time="0.002"/>
  <testcase classname="com.selenium.testng.PersonalLoan" name="MobileLogin" time="0.001"/>
  <testcase classname="com.selenium.testng.PersonalLoan" name="MobileSignin" time="0.0">
    <ignored/>
  </testcase> <!-- MobileSignin -->
  <testcase classname="com.selenium.testng.CarLoan" name="WebLogin" time="0.0">
    <ignored/>
  </testcase> <!-- WebLogin -->
  <testcase classname="com.selenium.testng.CarLoan" name="APILogin" time="0.0">
    <ignored/>
  </testcase> <!-- APILogin -->
  <testcase classname="com.selenium.testng.PersonalLoan" name="MobileSignOut" time="0.0">
    <ignored/>
  </testcase> <!-- MobileSignOut -->
  <testcase classname="com.selenium.testng.PersonalLoan" name="WebLogin" time="0.0">
    <ignored/>
  </testcase> <!-- WebLogin -->
  <testcase classname="com.selenium.testng.PersonalLoan" name="APILogin" time="0.0">
    <ignored/>
  </testcase> <!-- APILogin -->
</testsuite> <!-- Regression -->
