<?xml version="1.0" encoding="UTF-8"?>
<testng-results ignored="1" total="12" passed="10" failed="1" skipped="0">
  <reporter-output>
  </reporter-output>
  <suite started-at="2021-07-20T15:10:02 EDT" name="Loan Department" finished-at="2021-07-20T15:10:03 EDT" duration-ms="132">
    <groups>
      <group name="Smoke">
        <method signature="CarLoan.MobileLogin(java.lang.String)[pri:0, instance:com.selenium.testng.CarLoan@1b6e1eff]" name="MobileLogin" class="com.selenium.testng.CarLoan"/>
        <method signature="FirstTest.printDemo()[pri:0, instance:com.selenium.testng.FirstTest@5f9b2141]" name="printDemo" class="com.selenium.testng.FirstTest"/>
        <method signature="PersonalLoan.MobileLogin()[pri:0, instance:com.selenium.testng.PersonalLoan@50ad3bc1]" name="MobileLogin" class="com.selenium.testng.PersonalLoan"/>
      </group> <!-- Smoke -->
    </groups>
    <test started-at="2021-07-20T15:10:02 EDT" name="Car Loan" finished-at="2021-07-20T15:10:03 EDT" duration-ms="132">
      <class name="com.selenium.testng.PersonalLoan">
        <test-method is-config="true" signature="beforeClass()[pri:0, instance:com.selenium.testng.PersonalLoan@50ad3bc1]" started-at="2021-07-20T15:10:03 EDT" name="beforeClass" finished-at="2021-07-20T15:10:03 EDT" duration-ms="0" status="PASS">
          <reporter-output>
          </reporter-output>
        </test-method> <!-- beforeClass -->
        <test-method signature="MobileSignOut()[pri:0, instance:com.selenium.testng.PersonalLoan@50ad3bc1]" started-at="2021-07-20T15:10:03 EDT" name="MobileSignOut" finished-at="2021-07-20T15:10:03 EDT" duration-ms="3" status="PASS">
          <reporter-output>
          </reporter-output>
        </test-method> <!-- MobileSignOut -->
        <test-method signature="MobileSignin()[pri:0, instance:com.selenium.testng.PersonalLoan@50ad3bc1]" started-at="2021-07-20T15:10:03 EDT" name="MobileSignin" finished-at="2021-07-20T15:10:03 EDT" duration-ms="1" status="PASS">
          <reporter-output>
          </reporter-output>
        </test-method> <!-- MobileSignin -->
        <test-method signature="MobileLogin()[pri:0, instance:com.selenium.testng.PersonalLoan@50ad3bc1]" started-at="2021-07-20T15:10:03 EDT" name="MobileLogin" finished-at="2021-07-20T15:10:03 EDT" duration-ms="3" status="PASS">
          <reporter-output>
          </reporter-output>
        </test-method> <!-- MobileLogin -->
        <test-method signature="APILogin()[pri:0, instance:com.selenium.testng.PersonalLoan@50ad3bc1]" started-at="2021-07-20T15:10:03 EDT" name="APILogin" finished-at="2021-07-20T15:10:03 EDT" depends-on-methods="com.selenium.testng.PersonalLoan.MobileSignin, com.selenium.testng.PersonalLoan.MobileSignOut" duration-ms="2" status="PASS">
          <reporter-output>
          </reporter-output>
        </test-method> <!-- APILogin -->
        <test-method is-config="true" signature="afterClass()[pri:0, instance:com.selenium.testng.PersonalLoan@50ad3bc1]" started-at="2021-07-20T15:10:03 EDT" name="afterClass" finished-at="2021-07-20T15:10:03 EDT" duration-ms="0" status="PASS">
          <reporter-output>
          </reporter-output>
        </test-method> <!-- afterClass -->
      </class> <!-- com.selenium.testng.PersonalLoan -->
      <class name="com.selenium.testng.CarLoan">
        <test-method is-config="true" signature="beforeSuite()[pri:0, instance:com.selenium.testng.CarLoan@1b6e1eff]" started-at="2021-07-20T15:10:02 EDT" name="beforeSuite" finished-at="2021-07-20T15:10:02 EDT" duration-ms="6" status="PASS">
          <reporter-output>
          </reporter-output>
        </test-method> <!-- beforeSuite -->
        <test-method is-config="true" signature="beforeTest()[pri:0, instance:com.selenium.testng.CarLoan@1b6e1eff]" started-at="2021-07-20T15:10:02 EDT" name="beforeTest" finished-at="2021-07-20T15:10:02 EDT" duration-ms="0" status="PASS">
          <reporter-output>
          </reporter-output>
        </test-method> <!-- beforeTest -->
        <test-method is-config="true" signature="beforeMethod()[pri:0, instance:com.selenium.testng.CarLoan@1b6e1eff]" started-at="2021-07-20T15:10:02 EDT" name="beforeMethod" finished-at="2021-07-20T15:10:02 EDT" duration-ms="1" status="PASS">
          <reporter-output>
          </reporter-output>
        </test-method> <!-- beforeMethod -->
        <test-method signature="APILogin()[pri:0, instance:com.selenium.testng.CarLoan@1b6e1eff]" started-at="2021-07-20T15:10:02 EDT" name="APILogin" finished-at="2021-07-20T15:10:03 EDT" duration-ms="15" status="FAIL">
          <exception class="java.lang.AssertionError">
            <message>
              <![CDATA[expected [true] but found [false]]]>
            </message>
            <full-stacktrace>
              <![CDATA[java.lang.AssertionError: expected [true] but found [false]
at org.testng.Assert.fail(Assert.java:99)
at org.testng.Assert.failNotEquals(Assert.java:1037)
at org.testng.Assert.assertTrue(Assert.java:45)
at org.testng.Assert.assertTrue(Assert.java:55)
at com.selenium.testng.CarLoan.APILogin(CarLoan.java:31)
at java.base/jdk.internal.reflect.NativeMethodAccessorImpl.invoke0(Native Method)
at java.base/jdk.internal.reflect.NativeMethodAccessorImpl.invoke(NativeMethodAccessorImpl.java:78)
at java.base/jdk.internal.reflect.DelegatingMethodAccessorImpl.invoke(DelegatingMethodAccessorImpl.java:43)
at java.base/java.lang.reflect.Method.invoke(Method.java:567)
at org.testng.internal.MethodInvocationHelper.invokeMethod(MethodInvocationHelper.java:133)
at org.testng.internal.InvokeMethodRunnable.runOne(InvokeMethodRunnable.java:45)
at org.testng.internal.InvokeMethodRunnable.call(InvokeMethodRunnable.java:73)
at org.testng.internal.InvokeMethodRunnable.call(InvokeMethodRunnable.java:11)
at java.base/java.util.concurrent.FutureTask.run(FutureTask.java:264)
at java.base/java.util.concurrent.ThreadPoolExecutor.runWorker(ThreadPoolExecutor.java:1130)
at java.base/java.util.concurrent.ThreadPoolExecutor$Worker.run(ThreadPoolExecutor.java:630)
at java.base/java.lang.Thread.run(Thread.java:831)
]]>
            </full-stacktrace>
          </exception> <!-- java.lang.AssertionError -->
          <reporter-output>
          </reporter-output>
        </test-method> <!-- APILogin -->
        <test-method is-config="true" signature="afterMethod()[pri:0, instance:com.selenium.testng.CarLoan@1b6e1eff]" started-at="2021-07-20T15:10:03 EDT" name="afterMethod" finished-at="2021-07-20T15:10:03 EDT" duration-ms="1" status="PASS">
          <reporter-output>
          </reporter-output>
        </test-method> <!-- afterMethod -->
        <test-method signature="MobileLogin(java.lang.String)[pri:0, instance:com.selenium.testng.CarLoan@1b6e1eff]" started-at="2021-07-20T15:10:03 EDT" name="MobileLogin" finished-at="2021-07-20T15:10:03 EDT" duration-ms="1" status="PASS">
          <params>
            <param index="0">
              <value>
                <![CDATA[https://www.google.com]]>
              </value>
            </param>
          </params>
          <reporter-output>
          </reporter-output>
        </test-method> <!-- MobileLogin -->
        <test-method is-config="true" signature="beforeMethod()[pri:0, instance:com.selenium.testng.CarLoan@1b6e1eff]" started-at="2021-07-20T15:10:03 EDT" name="beforeMethod" finished-at="2021-07-20T15:10:03 EDT" duration-ms="0" status="PASS">
          <reporter-output>
          </reporter-output>
        </test-method> <!-- beforeMethod -->
        <test-method is-config="true" signature="afterMethod()[pri:0, instance:com.selenium.testng.CarLoan@1b6e1eff]" started-at="2021-07-20T15:10:03 EDT" name="afterMethod" finished-at="2021-07-20T15:10:03 EDT" duration-ms="1" status="PASS">
          <reporter-output>
          </reporter-output>
        </test-method> <!-- afterMethod -->
        <test-method signature="WebLogin()[pri:0, instance:com.selenium.testng.CarLoan@1b6e1eff]" started-at="2021-07-20T15:10:03 EDT" name="WebLogin" finished-at="2021-07-20T15:10:03 EDT" duration-ms="1" status="PASS">
          <reporter-output>
          </reporter-output>
        </test-method> <!-- WebLogin -->
        <test-method is-config="true" signature="beforeMethod()[pri:0, instance:com.selenium.testng.CarLoan@1b6e1eff]" started-at="2021-07-20T15:10:03 EDT" name="beforeMethod" finished-at="2021-07-20T15:10:03 EDT" duration-ms="0" status="PASS">
          <reporter-output>
          </reporter-output>
        </test-method> <!-- beforeMethod -->
        <test-method is-config="true" signature="afterMethod()[pri:0, instance:com.selenium.testng.CarLoan@1b6e1eff]" started-at="2021-07-20T15:10:03 EDT" name="afterMethod" finished-at="2021-07-20T15:10:03 EDT" duration-ms="0" status="PASS">
          <reporter-output>
          </reporter-output>
        </test-method> <!-- afterMethod -->
        <test-method is-config="true" signature="beforeMethod()[pri:0, instance:com.selenium.testng.CarLoan@1b6e1eff]" started-at="2021-07-20T15:10:03 EDT" name="beforeMethod" finished-at="2021-07-20T15:10:03 EDT" duration-ms="1" status="PASS">
          <reporter-output>
          </reporter-output>
        </test-method> <!-- beforeMethod -->
        <test-method signature="dataProdviderTest(java.lang.String,java.lang.String)[pri:0, instance:com.selenium.testng.CarLoan@1b6e1eff]" started-at="2021-07-20T15:10:03 EDT" name="dataProdviderTest" data-provider="getData" finished-at="2021-07-20T15:10:03 EDT" duration-ms="3" status="PASS">
          <params>
            <param index="0">
              <value>
                <![CDATA[firstusername]]>
              </value>
            </param>
            <param index="1">
              <value>
                <![CDATA[firstpassword]]>
              </value>
            </param>
          </params>
          <reporter-output>
          </reporter-output>
        </test-method> <!-- dataProdviderTest -->
        <test-method is-config="true" signature="afterMethod()[pri:0, instance:com.selenium.testng.CarLoan@1b6e1eff]" started-at="2021-07-20T15:10:03 EDT" name="afterMethod" finished-at="2021-07-20T15:10:03 EDT" duration-ms="1" status="PASS">
          <reporter-output>
          </reporter-output>
        </test-method> <!-- afterMethod -->
        <test-method signature="dataProdviderTest(java.lang.String,java.lang.String)[pri:0, instance:com.selenium.testng.CarLoan@1b6e1eff]" started-at="2021-07-20T15:10:03 EDT" name="dataProdviderTest" data-provider="getData" finished-at="2021-07-20T15:10:03 EDT" duration-ms="2" status="PASS">
          <params>
            <param index="0">
              <value>
                <![CDATA[secondusername]]>
              </value>
            </param>
            <param index="1">
              <value>
                <![CDATA[secondpassword]]>
              </value>
            </param>
          </params>
          <reporter-output>
          </reporter-output>
        </test-method> <!-- dataProdviderTest -->
        <test-method is-config="true" signature="beforeMethod()[pri:0, instance:com.selenium.testng.CarLoan@1b6e1eff]" started-at="2021-07-20T15:10:03 EDT" name="beforeMethod" finished-at="2021-07-20T15:10:03 EDT" duration-ms="0" status="PASS">
          <reporter-output>
          </reporter-output>
        </test-method> <!-- beforeMethod -->
        <test-method is-config="true" signature="afterMethod()[pri:0, instance:com.selenium.testng.CarLoan@1b6e1eff]" started-at="2021-07-20T15:10:03 EDT" name="afterMethod" finished-at="2021-07-20T15:10:03 EDT" duration-ms="0" status="PASS">
          <reporter-output>
          </reporter-output>
        </test-method> <!-- afterMethod -->
        <test-method is-config="true" signature="beforeMethod()[pri:0, instance:com.selenium.testng.CarLoan@1b6e1eff]" started-at="2021-07-20T15:10:03 EDT" name="beforeMethod" finished-at="2021-07-20T15:10:03 EDT" duration-ms="0" status="PASS">
          <reporter-output>
          </reporter-output>
        </test-method> <!-- beforeMethod -->
        <test-method signature="dataProdviderTest(java.lang.String,java.lang.String)[pri:0, instance:com.selenium.testng.CarLoan@1b6e1eff]" started-at="2021-07-20T15:10:03 EDT" name="dataProdviderTest" data-provider="getData" finished-at="2021-07-20T15:10:03 EDT" duration-ms="1" status="PASS">
          <params>
            <param index="0">
              <value>
                <![CDATA[thirdusername]]>
              </value>
            </param>
            <param index="1">
              <value>
                <![CDATA[thirdpassword]]>
              </value>
            </param>
          </params>
          <reporter-output>
          </reporter-output>
        </test-method> <!-- dataProdviderTest -->
        <test-method is-config="true" signature="afterMethod()[pri:0, instance:com.selenium.testng.CarLoan@1b6e1eff]" started-at="2021-07-20T15:10:03 EDT" name="afterMethod" finished-at="2021-07-20T15:10:03 EDT" duration-ms="0" status="PASS">
          <reporter-output>
          </reporter-output>
        </test-method> <!-- afterMethod -->
        <test-method is-config="true" signature="afterTest()[pri:0, instance:com.selenium.testng.CarLoan@1b6e1eff]" started-at="2021-07-20T15:10:03 EDT" name="afterTest" finished-at="2021-07-20T15:10:03 EDT" duration-ms="0" status="PASS">
          <reporter-output>
          </reporter-output>
        </test-method> <!-- afterTest -->
        <test-method is-config="true" signature="afterSuite()[pri:0, instance:com.selenium.testng.CarLoan@1b6e1eff]" started-at="2021-07-20T15:10:03 EDT" name="afterSuite" finished-at="2021-07-20T15:10:03 EDT" duration-ms="2" status="PASS">
          <reporter-output>
          </reporter-output>
        </test-method> <!-- afterSuite -->
      </class> <!-- com.selenium.testng.CarLoan -->
      <class name="com.selenium.testng.FirstTest">
        <test-method signature="printDemo()[pri:0, instance:com.selenium.testng.FirstTest@5f9b2141]" started-at="2021-07-20T15:10:03 EDT" name="printDemo" finished-at="2021-07-20T15:10:03 EDT" duration-ms="2" status="PASS">
          <reporter-output>
          </reporter-output>
        </test-method> <!-- printDemo -->
      </class> <!-- com.selenium.testng.FirstTest -->
    </test> <!-- Car Loan -->
  </suite> <!-- Loan Department -->
</testng-results>
